This is pdfTeX, Version 3.14159265-2.6-1.40.18 (TeX Live 2017) (preloaded format=pdflatex 2018.1.6)  24 JUL 2019 21:30
entering extended mode
 restricted \write18 enabled.
 file:line:error style messages enabled.
 %&-line parsing enabled.
**praca.tex
(./praca.tex
LaTeX2e <2017-04-15>
Babel <3.10> and hyphenation patterns for 84 language(s) loaded.
(./pracamgr.cls
Document Class: pracamgr 2017/01/03 v0.7.0 Praca magisterska
(/usr/local/texlive/2017/texmf-dist/tex/generic/babel/babel.sty
Package: babel 2017/05/19 3.10 The Babel package

(/usr/local/texlive/2017/texmf-dist/tex/generic/babel-polish/polish.ldf
Language: polish 2005/03/31 v1.2l Polish support from the babel system

(/usr/local/texlive/2017/texmf-dist/tex/generic/babel/babel.def
File: babel.def 2017/05/19 3.10 Babel common definitions
\babel@savecnt=\count79
\U@D=\dimen102
)
Package babel Info: Making " an active character on input line 83.
\pl@left=\dimen103
\pl@down=\dimen104
\pl@right=\dimen105
\pl@temp=\dimen106
))
(/usr/local/texlive/2017/texmf-dist/tex/latex/base/fontenc.sty
Package: fontenc 2017/04/05 v2.0i Standard LaTeX package

(/usr/local/texlive/2017/texmf-dist/tex/latex/base/t1enc.def
File: t1enc.def 2017/04/05 v2.0i Standard LaTeX file
LaTeX Font Info:    Redeclaring font encoding T1 on input line 48.
))
(/usr/local/texlive/2017/texmf-dist/tex/latex/base/inputenc.sty
Package: inputenc 2015/03/17 v1.2c Input encoding file
\inpenc@prehook=\toks14
\inpenc@posthook=\toks15

(/usr/local/texlive/2017/texmf-dist/tex/latex/base/utf8.def
File: utf8.def 2017/01/28 v1.1t UTF-8 support for inputenc
Now handling font encoding OML ...
... no UTF-8 mapping file for font encoding OML
Now handling font encoding T1 ...
... processing UTF-8 mapping file for font encoding T1

(/usr/local/texlive/2017/texmf-dist/tex/latex/base/t1enc.dfu
File: t1enc.dfu 2017/01/28 v1.1t UTF-8 support for inputenc
   defining Unicode char U+00A0 (decimal 160)
   defining Unicode char U+00A1 (decimal 161)
   defining Unicode char U+00A3 (decimal 163)
   defining Unicode char U+00AB (decimal 171)
   defining Unicode char U+00AD (decimal 173)
   defining Unicode char U+00BB (decimal 187)
   defining Unicode char U+00BF (decimal 191)
   defining Unicode char U+00C0 (decimal 192)
   defining Unicode char U+00C1 (decimal 193)
   defining Unicode char U+00C2 (decimal 194)
   defining Unicode char U+00C3 (decimal 195)
   defining Unicode char U+00C4 (decimal 196)
   defining Unicode char U+00C5 (decimal 197)
   defining Unicode char U+00C6 (decimal 198)
   defining Unicode char U+00C7 (decimal 199)
   defining Unicode char U+00C8 (decimal 200)
   defining Unicode char U+00C9 (decimal 201)
   defining Unicode char U+00CA (decimal 202)
   defining Unicode char U+00CB (decimal 203)
   defining Unicode char U+00CC (decimal 204)
   defining Unicode char U+00CD (decimal 205)
   defining Unicode char U+00CE (decimal 206)
   defining Unicode char U+00CF (decimal 207)
   defining Unicode char U+00D0 (decimal 208)
   defining Unicode char U+00D1 (decimal 209)
   defining Unicode char U+00D2 (decimal 210)
   defining Unicode char U+00D3 (decimal 211)
   defining Unicode char U+00D4 (decimal 212)
   defining Unicode char U+00D5 (decimal 213)
   defining Unicode char U+00D6 (decimal 214)
   defining Unicode char U+00D8 (decimal 216)
   defining Unicode char U+00D9 (decimal 217)
   defining Unicode char U+00DA (decimal 218)
   defining Unicode char U+00DB (decimal 219)
   defining Unicode char U+00DC (decimal 220)
   defining Unicode char U+00DD (decimal 221)
   defining Unicode char U+00DE (decimal 222)
   defining Unicode char U+00DF (decimal 223)
   defining Unicode char U+00E0 (decimal 224)
   defining Unicode char U+00E1 (decimal 225)
   defining Unicode char U+00E2 (decimal 226)
   defining Unicode char U+00E3 (decimal 227)
   defining Unicode char U+00E4 (decimal 228)
   defining Unicode char U+00E5 (decimal 229)
   defining Unicode char U+00E6 (decimal 230)
   defining Unicode char U+00E7 (decimal 231)
   defining Unicode char U+00E8 (decimal 232)
   defining Unicode char U+00E9 (decimal 233)
   defining Unicode char U+00EA (decimal 234)
   defining Unicode char U+00EB (decimal 235)
   defining Unicode char U+00EC (decimal 236)
   defining Unicode char U+00ED (decimal 237)
   defining Unicode char U+00EE (decimal 238)
   defining Unicode char U+00EF (decimal 239)
   defining Unicode char U+00F0 (decimal 240)
   defining Unicode char U+00F1 (decimal 241)
   defining Unicode char U+00F2 (decimal 242)
   defining Unicode char U+00F3 (decimal 243)
   defining Unicode char U+00F4 (decimal 244)
   defining Unicode char U+00F5 (decimal 245)
   defining Unicode char U+00F6 (decimal 246)
   defining Unicode char U+00F8 (decimal 248)
   defining Unicode char U+00F9 (decimal 249)
   defining Unicode char U+00FA (decimal 250)
   defining Unicode char U+00FB (decimal 251)
   defining Unicode char U+00FC (decimal 252)
   defining Unicode char U+00FD (decimal 253)
   defining Unicode char U+00FE (decimal 254)
   defining Unicode char U+00FF (decimal 255)
   defining Unicode char U+0100 (decimal 256)
   defining Unicode char U+0101 (decimal 257)
   defining Unicode char U+0102 (decimal 258)
   defining Unicode char U+0103 (decimal 259)
   defining Unicode char U+0104 (decimal 260)
   defining Unicode char U+0105 (decimal 261)
   defining Unicode char U+0106 (decimal 262)
   defining Unicode char U+0107 (decimal 263)
   defining Unicode char U+0108 (decimal 264)
   defining Unicode char U+0109 (decimal 265)
   defining Unicode char U+010A (decimal 266)
   defining Unicode char U+010B (decimal 267)
   defining Unicode char U+010C (decimal 268)
   defining Unicode char U+010D (decimal 269)
   defining Unicode char U+010E (decimal 270)
   defining Unicode char U+010F (decimal 271)
   defining Unicode char U+0110 (decimal 272)
   defining Unicode char U+0111 (decimal 273)
   defining Unicode char U+0112 (decimal 274)
   defining Unicode char U+0113 (decimal 275)
   defining Unicode char U+0114 (decimal 276)
   defining Unicode char U+0115 (decimal 277)
   defining Unicode char U+0116 (decimal 278)
   defining Unicode char U+0117 (decimal 279)
   defining Unicode char U+0118 (decimal 280)
   defining Unicode char U+0119 (decimal 281)
   defining Unicode char U+011A (decimal 282)
   defining Unicode char U+011B (decimal 283)
   defining Unicode char U+011C (decimal 284)
   defining Unicode char U+011D (decimal 285)
   defining Unicode char U+011E (decimal 286)
   defining Unicode char U+011F (decimal 287)
   defining Unicode char U+0120 (decimal 288)
   defining Unicode char U+0121 (decimal 289)
   defining Unicode char U+0122 (decimal 290)
   defining Unicode char U+0123 (decimal 291)
   defining Unicode char U+0124 (decimal 292)
   defining Unicode char U+0125 (decimal 293)
   defining Unicode char U+0128 (decimal 296)
   defining Unicode char U+0129 (decimal 297)
   defining Unicode char U+012A (decimal 298)
   defining Unicode char U+012B (decimal 299)
   defining Unicode char U+012C (decimal 300)
   defining Unicode char U+012D (decimal 301)
   defining Unicode char U+012E (decimal 302)
   defining Unicode char U+012F (decimal 303)
   defining Unicode char U+0130 (decimal 304)
   defining Unicode char U+0131 (decimal 305)
   defining Unicode char U+0132 (decimal 306)
   defining Unicode char U+0133 (decimal 307)
   defining Unicode char U+0134 (decimal 308)
   defining Unicode char U+0135 (decimal 309)
   defining Unicode char U+0136 (decimal 310)
   defining Unicode char U+0137 (decimal 311)
   defining Unicode char U+0139 (decimal 313)
   defining Unicode char U+013A (decimal 314)
   defining Unicode char U+013B (decimal 315)
   defining Unicode char U+013C (decimal 316)
   defining Unicode char U+013D (decimal 317)
   defining Unicode char U+013E (decimal 318)
   defining Unicode char U+0141 (decimal 321)
   defining Unicode char U+0142 (decimal 322)
   defining Unicode char U+0143 (decimal 323)
   defining Unicode char U+0144 (decimal 324)
   defining Unicode char U+0145 (decimal 325)
   defining Unicode char U+0146 (decimal 326)
   defining Unicode char U+0147 (decimal 327)
   defining Unicode char U+0148 (decimal 328)
   defining Unicode char U+014A (decimal 330)
   defining Unicode char U+014B (decimal 331)
   defining Unicode char U+014C (decimal 332)
   defining Unicode char U+014D (decimal 333)
   defining Unicode char U+014E (decimal 334)
   defining Unicode char U+014F (decimal 335)
   defining Unicode char U+0150 (decimal 336)
   defining Unicode char U+0151 (decimal 337)
   defining Unicode char U+0152 (decimal 338)
   defining Unicode char U+0153 (decimal 339)
   defining Unicode char U+0154 (decimal 340)
   defining Unicode char U+0155 (decimal 341)
   defining Unicode char U+0156 (decimal 342)
   defining Unicode char U+0157 (decimal 343)
   defining Unicode char U+0158 (decimal 344)
   defining Unicode char U+0159 (decimal 345)
   defining Unicode char U+015A (decimal 346)
   defining Unicode char U+015B (decimal 347)
   defining Unicode char U+015C (decimal 348)
   defining Unicode char U+015D (decimal 349)
   defining Unicode char U+015E (decimal 350)
   defining Unicode char U+015F (decimal 351)
   defining Unicode char U+0160 (decimal 352)
   defining Unicode char U+0161 (decimal 353)
   defining Unicode char U+0162 (decimal 354)
   defining Unicode char U+0163 (decimal 355)
   defining Unicode char U+0164 (decimal 356)
   defining Unicode char U+0165 (decimal 357)
   defining Unicode char U+0168 (decimal 360)
   defining Unicode char U+0169 (decimal 361)
   defining Unicode char U+016A (decimal 362)
   defining Unicode char U+016B (decimal 363)
   defining Unicode char U+016C (decimal 364)
   defining Unicode char U+016D (decimal 365)
   defining Unicode char U+016E (decimal 366)
   defining Unicode char U+016F (decimal 367)
   defining Unicode char U+0170 (decimal 368)
   defining Unicode char U+0171 (decimal 369)
   defining Unicode char U+0172 (decimal 370)
   defining Unicode char U+0173 (decimal 371)
   defining Unicode char U+0174 (decimal 372)
   defining Unicode char U+0175 (decimal 373)
   defining Unicode char U+0176 (decimal 374)
   defining Unicode char U+0177 (decimal 375)
   defining Unicode char U+0178 (decimal 376)
   defining Unicode char U+0179 (decimal 377)
   defining Unicode char U+017A (decimal 378)
   defining Unicode char U+017B (decimal 379)
   defining Unicode char U+017C (decimal 380)
   defining Unicode char U+017D (decimal 381)
   defining Unicode char U+017E (decimal 382)
   defining Unicode char U+01CD (decimal 461)
   defining Unicode char U+01CE (decimal 462)
   defining Unicode char U+01CF (decimal 463)
   defining Unicode char U+01D0 (decimal 464)
   defining Unicode char U+01D1 (decimal 465)
   defining Unicode char U+01D2 (decimal 466)
   defining Unicode char U+01D3 (decimal 467)
   defining Unicode char U+01D4 (decimal 468)
   defining Unicode char U+01E2 (decimal 482)
   defining Unicode char U+01E3 (decimal 483)
   defining Unicode char U+01E6 (decimal 486)
   defining Unicode char U+01E7 (decimal 487)
   defining Unicode char U+01E8 (decimal 488)
   defining Unicode char U+01E9 (decimal 489)
   defining Unicode char U+01EA (decimal 490)
   defining Unicode char U+01EB (decimal 491)
   defining Unicode char U+01F0 (decimal 496)
   defining Unicode char U+01F4 (decimal 500)
   defining Unicode char U+01F5 (decimal 501)
   defining Unicode char U+0218 (decimal 536)
   defining Unicode char U+0219 (decimal 537)
   defining Unicode char U+021A (decimal 538)
   defining Unicode char U+021B (decimal 539)
   defining Unicode char U+0232 (decimal 562)
   defining Unicode char U+0233 (decimal 563)
   defining Unicode char U+1E02 (decimal 7682)
   defining Unicode char U+1E03 (decimal 7683)
   defining Unicode char U+200C (decimal 8204)
   defining Unicode char U+2010 (decimal 8208)
   defining Unicode char U+2011 (decimal 8209)
   defining Unicode char U+2012 (decimal 8210)
   defining Unicode char U+2013 (decimal 8211)
   defining Unicode char U+2014 (decimal 8212)
   defining Unicode char U+2015 (decimal 8213)
   defining Unicode char U+2018 (decimal 8216)
   defining Unicode char U+2019 (decimal 8217)
   defining Unicode char U+201A (decimal 8218)
   defining Unicode char U+201C (decimal 8220)
   defining Unicode char U+201D (decimal 8221)
   defining Unicode char U+201E (decimal 8222)
   defining Unicode char U+2030 (decimal 8240)
   defining Unicode char U+2031 (decimal 8241)
   defining Unicode char U+2039 (decimal 8249)
   defining Unicode char U+203A (decimal 8250)
   defining Unicode char U+2423 (decimal 9251)
   defining Unicode char U+1E20 (decimal 7712)
   defining Unicode char U+1E21 (decimal 7713)
)
Now handling font encoding OT1 ...
... processing UTF-8 mapping file for font encoding OT1

(/usr/local/texlive/2017/texmf-dist/tex/latex/base/ot1enc.dfu
File: ot1enc.dfu 2017/01/28 v1.1t UTF-8 support for inputenc
   defining Unicode char U+00A0 (decimal 160)
   defining Unicode char U+00A1 (decimal 161)
   defining Unicode char U+00A3 (decimal 163)
   defining Unicode char U+00AD (decimal 173)
   defining Unicode char U+00B8 (decimal 184)
   defining Unicode char U+00BF (decimal 191)
   defining Unicode char U+00C5 (decimal 197)
   defining Unicode char U+00C6 (decimal 198)
   defining Unicode char U+00D8 (decimal 216)
   defining Unicode char U+00DF (decimal 223)
   defining Unicode char U+00E6 (decimal 230)
   defining Unicode char U+00EC (decimal 236)
   defining Unicode char U+00ED (decimal 237)
   defining Unicode char U+00EE (decimal 238)
   defining Unicode char U+00EF (decimal 239)
   defining Unicode char U+00F8 (decimal 248)
   defining Unicode char U+0131 (decimal 305)
   defining Unicode char U+0141 (decimal 321)
   defining Unicode char U+0142 (decimal 322)
   defining Unicode char U+0152 (decimal 338)
   defining Unicode char U+0153 (decimal 339)
   defining Unicode char U+0174 (decimal 372)
   defining Unicode char U+0175 (decimal 373)
   defining Unicode char U+0176 (decimal 374)
   defining Unicode char U+0177 (decimal 375)
   defining Unicode char U+0218 (decimal 536)
   defining Unicode char U+0219 (decimal 537)
   defining Unicode char U+021A (decimal 538)
   defining Unicode char U+021B (decimal 539)
   defining Unicode char U+2013 (decimal 8211)
   defining Unicode char U+2014 (decimal 8212)
   defining Unicode char U+2018 (decimal 8216)
   defining Unicode char U+2019 (decimal 8217)
   defining Unicode char U+201C (decimal 8220)
   defining Unicode char U+201D (decimal 8221)
)
Now handling font encoding OMS ...
... processing UTF-8 mapping file for font encoding OMS

(/usr/local/texlive/2017/texmf-dist/tex/latex/base/omsenc.dfu
File: omsenc.dfu 2017/01/28 v1.1t UTF-8 support for inputenc
   defining Unicode char U+00A7 (decimal 167)
   defining Unicode char U+00B6 (decimal 182)
   defining Unicode char U+00B7 (decimal 183)
   defining Unicode char U+2020 (decimal 8224)
   defining Unicode char U+2021 (decimal 8225)
   defining Unicode char U+2022 (decimal 8226)
)
Now handling font encoding OMX ...
... no UTF-8 mapping file for font encoding OMX
Now handling font encoding U ...
... no UTF-8 mapping file for font encoding U
   defining Unicode char U+00A9 (decimal 169)
   defining Unicode char U+00AA (decimal 170)
   defining Unicode char U+00AE (decimal 174)
   defining Unicode char U+00BA (decimal 186)
   defining Unicode char U+02C6 (decimal 710)
   defining Unicode char U+02DC (decimal 732)
   defining Unicode char U+200C (decimal 8204)
   defining Unicode char U+2026 (decimal 8230)
   defining Unicode char U+2122 (decimal 8482)
   defining Unicode char U+2423 (decimal 9251)
))
(/usr/local/texlive/2017/texmf-dist/tex/latex/base/report.cls
Document Class: report 2014/09/29 v1.4h Standard LaTeX document class
(/usr/local/texlive/2017/texmf-dist/tex/latex/base/size11.clo
File: size11.clo 2014/09/29 v1.4h Standard LaTeX file (size option)
)
\c@part=\count80
\c@chapter=\count81
\c@section=\count82
\c@subsection=\count83
\c@subsubsection=\count84
\c@paragraph=\count85
\c@subparagraph=\count86
\c@figure=\count87
\c@table=\count88
\abovecaptionskip=\skip41
\belowcaptionskip=\skip42
\bibindent=\dimen107
)
\c@liczbaAutorow=\count89
)
(/usr/local/texlive/2017/texmf-dist/tex/latex/amsmath/amsmath.sty
Package: amsmath 2016/11/05 v2.16a AMS math features
\@mathmargin=\skip43

For additional information on amsmath, use the `?' option.
(/usr/local/texlive/2017/texmf-dist/tex/latex/amsmath/amstext.sty
Package: amstext 2000/06/29 v2.01 AMS text

(/usr/local/texlive/2017/texmf-dist/tex/latex/amsmath/amsgen.sty
File: amsgen.sty 1999/11/30 v2.0 generic functions
\@emptytoks=\toks16
\ex@=\dimen108
))
(/usr/local/texlive/2017/texmf-dist/tex/latex/amsmath/amsbsy.sty
Package: amsbsy 1999/11/29 v1.2d Bold Symbols
\pmbraise@=\dimen109
)
(/usr/local/texlive/2017/texmf-dist/tex/latex/amsmath/amsopn.sty
Package: amsopn 2016/03/08 v2.02 operator names
)
\inf@bad=\count90
LaTeX Info: Redefining \frac on input line 213.
\uproot@=\count91
\leftroot@=\count92
LaTeX Info: Redefining \overline on input line 375.
\classnum@=\count93
\DOTSCASE@=\count94
LaTeX Info: Redefining \ldots on input line 472.
LaTeX Info: Redefining \dots on input line 475.
LaTeX Info: Redefining \cdots on input line 596.
\Mathstrutbox@=\box26
\strutbox@=\box27
\big@size=\dimen110
LaTeX Font Info:    Redeclaring font encoding OML on input line 712.
LaTeX Font Info:    Redeclaring font encoding OMS on input line 713.
\macc@depth=\count95
\c@MaxMatrixCols=\count96
\dotsspace@=\muskip10
\c@parentequation=\count97
\dspbrk@lvl=\count98
\tag@help=\toks17
\row@=\count99
\column@=\count100
\maxfields@=\count101
\andhelp@=\toks18
\eqnshift@=\dimen111
\alignsep@=\dimen112
\tagshift@=\dimen113
\tagwidth@=\dimen114
\totwidth@=\dimen115
\lineht@=\dimen116
\@envbody=\toks19
\multlinegap=\skip44
\multlinetaggap=\skip45
\mathdisplay@stack=\toks20
LaTeX Info: Redefining \[ on input line 2817.
LaTeX Info: Redefining \] on input line 2818.
)
(/usr/local/texlive/2017/texmf-dist/tex/latex/mathtools/mathtools.sty
Package: mathtools 2015/11/12 v1.18 mathematical typesetting tools

(/usr/local/texlive/2017/texmf-dist/tex/latex/graphics/keyval.sty
Package: keyval 2014/10/28 v1.15 key=value parser (DPC)
\KV@toks@=\toks21
)
(/usr/local/texlive/2017/texmf-dist/tex/latex/tools/calc.sty
Package: calc 2014/10/28 v4.3 Infix arithmetic (KKT,FJ)
\calc@Acount=\count102
\calc@Bcount=\count103
\calc@Adimen=\dimen117
\calc@Bdimen=\dimen118
\calc@Askip=\skip46
\calc@Bskip=\skip47
LaTeX Info: Redefining \setlength on input line 80.
LaTeX Info: Redefining \addtolength on input line 81.
\calc@Ccount=\count104
\calc@Cskip=\skip48
)
(/usr/local/texlive/2017/texmf-dist/tex/latex/mathtools/mhsetup.sty
Package: mhsetup 2010/01/21 v1.2a programming setup (MH)
)
LaTeX Info: Thecontrolsequence`\('isalreadyrobust on input line 129.
LaTeX Info: Thecontrolsequence`\)'isalreadyrobust on input line 129.
LaTeX Info: Thecontrolsequence`\['isalreadyrobust on input line 129.
LaTeX Info: Thecontrolsequence`\]'isalreadyrobust on input line 129.
\g_MT_multlinerow_int=\count105
\l_MT_multwidth_dim=\dimen119
\origjot=\skip49
\l_MT_shortvdotswithinadjustabove_dim=\dimen120
\l_MT_shortvdotswithinadjustbelow_dim=\dimen121
\l_MT_above_intertext_sep=\dimen122
\l_MT_below_intertext_sep=\dimen123
\l_MT_above_shortintertext_sep=\dimen124
\l_MT_below_shortintertext_sep=\dimen125
)
(/usr/local/texlive/2017/texmf-dist/tex/latex/tools/indentfirst.sty
Package: indentfirst 1995/11/23 v1.03 Indent first paragraph (DPC)
)
(/usr/local/texlive/2017/texmf-dist/tex/latex/graphics/graphicx.sty
Package: graphicx 2014/10/28 v1.0g Enhanced LaTeX Graphics (DPC,SPQR)

(/usr/local/texlive/2017/texmf-dist/tex/latex/graphics/graphics.sty
Package: graphics 2017/04/14 v1.1b Standard LaTeX Graphics (DPC,SPQR)

(/usr/local/texlive/2017/texmf-dist/tex/latex/graphics/trig.sty
Package: trig 2016/01/03 v1.10 sin cos tan (DPC)
)
(/usr/local/texlive/2017/texmf-dist/tex/latex/graphics-cfg/graphics.cfg
File: graphics.cfg 2016/06/04 v1.11 sample graphics configuration
)
Package graphics Info: Driver file: pdftex.def on input line 99.

(/usr/local/texlive/2017/texmf-dist/tex/latex/graphics-def/pdftex.def
File: pdftex.def 2017/01/12 v0.06k Graphics/color for pdfTeX

(/usr/local/texlive/2017/texmf-dist/tex/generic/oberdiek/infwarerr.sty
Package: infwarerr 2016/05/16 v1.4 Providing info/warning/error messages (HO)
)
(/usr/local/texlive/2017/texmf-dist/tex/generic/oberdiek/ltxcmds.sty
Package: ltxcmds 2016/05/16 v1.23 LaTeX kernel commands for general use (HO)
)
\Gread@gobject=\count106
))
\Gin@req@height=\dimen126
\Gin@req@width=\dimen127
)
(/usr/local/texlive/2017/texmf-dist/tex/latex/caption/caption.sty
Package: caption 2016/02/21 v3.3-144 Customizing captions (AR)

(/usr/local/texlive/2017/texmf-dist/tex/latex/caption/caption3.sty
Package: caption3 2016/05/22 v1.7-166 caption3 kernel (AR)
Package caption3 Info: TeX engine: e-TeX on input line 67.
\captionmargin=\dimen128
\captionmargin@=\dimen129
\captionwidth=\dimen130
\caption@tempdima=\dimen131
\caption@indent=\dimen132
\caption@parindent=\dimen133
\caption@hangindent=\dimen134
)
\c@ContinuedFloat=\count107
)
(/usr/local/texlive/2017/texmf-dist/tex/latex/listings/listings.sty
\lst@mode=\count108
\lst@gtempboxa=\box28
\lst@token=\toks22
\lst@length=\count109
\lst@currlwidth=\dimen135
\lst@column=\count110
\lst@pos=\count111
\lst@lostspace=\dimen136
\lst@width=\dimen137
\lst@newlines=\count112
\lst@lineno=\count113
\lst@maxwidth=\dimen138

(/usr/local/texlive/2017/texmf-dist/tex/latex/listings/lstmisc.sty
File: lstmisc.sty 2015/06/04 1.6 (Carsten Heinz)
\c@lstnumber=\count114
\lst@skipnumbers=\count115
\lst@framebox=\box29
)
(/usr/local/texlive/2017/texmf-dist/tex/latex/listings/listings.cfg
File: listings.cfg 2015/06/04 1.6 listings configuration
))
Package: listings 2015/06/04 1.6 (Carsten Heinz)

(/usr/local/texlive/2017/texmf-dist/tex/latex/amsfonts/amsfonts.sty
Package: amsfonts 2013/01/14 v3.01 Basic AMSFonts support
\symAMSa=\mathgroup4
\symAMSb=\mathgroup5
LaTeX Font Info:    Overwriting math alphabet `\mathfrak' in version `bold'
(Font)                  U/euf/m/n --> U/euf/b/n on input line 106.
)
\c@defi=\count116

(./praca.aux)
\openout1 = `praca.aux'.

LaTeX Font Info:    Checking defaults for OML/cmm/m/it on input line 74.
LaTeX Font Info:    ... okay on input line 74.
LaTeX Font Info:    Checking defaults for T1/cmr/m/n on input line 74.
LaTeX Font Info:    ... okay on input line 74.
LaTeX Font Info:    Checking defaults for OT1/cmr/m/n on input line 74.
LaTeX Font Info:    ... okay on input line 74.
LaTeX Font Info:    Checking defaults for OMS/cmsy/m/n on input line 74.
LaTeX Font Info:    ... okay on input line 74.
LaTeX Font Info:    Checking defaults for OMX/cmex/m/n on input line 74.
LaTeX Font Info:    ... okay on input line 74.
LaTeX Font Info:    Checking defaults for U/cmr/m/n on input line 74.
LaTeX Font Info:    ... okay on input line 74.

(/usr/local/texlive/2017/texmf-dist/tex/context/base/mkii/supp-pdf.mkii
[Loading MPS to PDF converter (version 2006.09.02).]
\scratchcounter=\count117
\scratchdimen=\dimen139
\scratchbox=\box30
\nofMPsegments=\count118
\nofMParguments=\count119
\everyMPshowfont=\toks23
\MPscratchCnt=\count120
\MPscratchDim=\dimen140
\MPnumerator=\count121
\makeMPintoPDFobject=\count122
\everyMPtoPDFconversion=\toks24
) (/usr/local/texlive/2017/texmf-dist/tex/generic/oberdiek/pdftexcmds.sty
Package: pdftexcmds 2017/03/19 v0.25 Utility functions of pdfTeX for LuaTeX (HO
)

(/usr/local/texlive/2017/texmf-dist/tex/generic/oberdiek/ifluatex.sty
Package: ifluatex 2016/05/16 v1.4 Provides the ifluatex switch (HO)
Package ifluatex Info: LuaTeX not detected.
)
(/usr/local/texlive/2017/texmf-dist/tex/generic/oberdiek/ifpdf.sty
Package: ifpdf 2017/03/15 v3.2 Provides the ifpdf switch
)
Package pdftexcmds Info: LuaTeX not detected.
Package pdftexcmds Info: \pdf@primitive is available.
Package pdftexcmds Info: \pdf@ifprimitive is available.
Package pdftexcmds Info: \pdfdraftmode found.
)
(/usr/local/texlive/2017/texmf-dist/tex/latex/oberdiek/epstopdf-base.sty
Package: epstopdf-base 2016/05/15 v2.6 Base part for package epstopdf

(/usr/local/texlive/2017/texmf-dist/tex/latex/oberdiek/grfext.sty
Package: grfext 2016/05/16 v1.2 Manage graphics extensions (HO)

(/usr/local/texlive/2017/texmf-dist/tex/generic/oberdiek/kvdefinekeys.sty
Package: kvdefinekeys 2016/05/16 v1.4 Define keys (HO)
))
(/usr/local/texlive/2017/texmf-dist/tex/latex/oberdiek/kvoptions.sty
Package: kvoptions 2016/05/16 v3.12 Key value format for package options (HO)

(/usr/local/texlive/2017/texmf-dist/tex/generic/oberdiek/kvsetkeys.sty
Package: kvsetkeys 2016/05/16 v1.17 Key value parser (HO)

(/usr/local/texlive/2017/texmf-dist/tex/generic/oberdiek/etexcmds.sty
Package: etexcmds 2016/05/16 v1.6 Avoid name clashes with e-TeX commands (HO)
Package etexcmds Info: Could not find \expanded.
(etexcmds)             That can mean that you are not using pdfTeX 1.50 or
(etexcmds)             that some package has redefined \expanded.
(etexcmds)             In the latter case, load this package earlier.
)))
Package epstopdf-base Info: Redefining graphics rule for `.eps' on input line 4
38.
Package grfext Info: Graphics extension search list:
(grfext)             [.png,.pdf,.jpg,.mps,.jpeg,.jbig2,.jb2,.PNG,.PDF,.JPG,.JPE
G,.JBIG2,.JB2,.eps]
(grfext)             \AppendGraphicsExtensions on input line 456.

(/usr/local/texlive/2017/texmf-dist/tex/latex/latexconfig/epstopdf-sys.cfg
File: epstopdf-sys.cfg 2010/07/13 v1.3 Configuration of (r)epstopdf for TeX Liv
e
))
Package caption Info: Begin \AtBeginDocument code.
Package caption Info: listings package is loaded.
Package caption Info: End \AtBeginDocument code.
\c@lstlisting=\count123
LaTeX Font Info:    Try loading font information for U+msa on input line 76.

(/usr/local/texlive/2017/texmf-dist/tex/latex/amsfonts/umsa.fd
File: umsa.fd 2013/01/14 v3.01 AMS symbols A
)
LaTeX Font Info:    Try loading font information for U+msb on input line 76.

(/usr/local/texlive/2017/texmf-dist/tex/latex/amsfonts/umsb.fd
File: umsb.fd 2013/01/14 v3.01 AMS symbols B
) [1

{/usr/local/texlive/2017/texmf-var/fonts/map/pdftex/updmap/pdftex.map}] [2] [1]
 [2

]
(./praca.toc)
\tf@toc=\write3
\openout3 = `praca.toc'.

 [3

] [4

]
Underfull \hbox (badness 10000) in paragraph at lines 90--91

 []


Underfull \hbox (badness 10000) in paragraph at lines 92--93

 []


Underfull \hbox (badness 10000) in paragraph at lines 94--95

 []


Underfull \hbox (badness 10000) in paragraph at lines 96--97

 []

[5]
Underfull \hbox (badness 10000) in paragraph at lines 98--99

 []

[6]
Rozdzia\l  1.

Underfull \hbox (badness 10000) in paragraph at lines 112--113

 []

<game_tree.png, id=39, 638.385pt x 460.72125pt>
File: game_tree.png Graphic file (type png)
 <use game_tree.png>
Package pdftex.def Info: game_tree.png used on input line 114.
(pdftex.def)             Requested size: 383.03394pt x 276.43488pt.

Underfull \hbox (badness 10000) in paragraph at lines 117--118

 []

[7

 <./game_tree.png>]
Underfull \hbox (badness 10000) in paragraph at lines 119--120

 []

<advertise.png, id=46, 870.25125pt x 593.21625pt>
File: advertise.png Graphic file (type png)
 <use advertise.png>
Package pdftex.def Info: advertise.png used on input line 122.
(pdftex.def)             Requested size: 261.0774pt x 177.96625pt.

Underfull \hbox (badness 10000) in paragraph at lines 125--126

 []


Underfull \hbox (badness 10000) in paragraph at lines 127--128

 []

[8 <./advertise.png>]
Underfull \hbox (badness 10000) in paragraph at lines 129--130

 []


Underfull \hbox (badness 10000) in paragraph at lines 131--132

 []

[9]
Underfull \hbox (badness 10000) in paragraph at lines 155--156

 []

<advertise2.png, id=54, 870.25125pt x 593.21625pt>
File: advertise2.png Graphic file (type png)
 <use advertise2.png>
Package pdftex.def Info: advertise2.png used on input line 159.
(pdftex.def)             Requested size: 261.0774pt x 177.96625pt.

[10 <./advertise2.png>] <big_tree2.png, id=60, 1114.1625pt x 565.11125pt>
File: big_tree2.png Graphic file (type png)

<use big_tree2.png>
Package pdftex.def Info: big_tree2.png used on input line 163.
(pdftex.def)             Requested size: 501.3685pt x 254.2977pt.

Overfull \hbox (60.35077pt too wide) in paragraph at lines 163--164
[]  
 []


Underfull \hbox (badness 10000) in paragraph at lines 165--166

 []


Underfull \hbox (badness 10000) in paragraph at lines 171--172

 []

[11 <./big_tree2.png>]
Underfull \hbox (badness 10000) in paragraph at lines 177--178

 []


Underfull \hbox (badness 10000) in paragraph at lines 179--180

 []


Underfull \hbox (badness 10000) in paragraph at lines 181--182

 []


Underfull \hbox (badness 10000) in paragraph at lines 183--184

 []

<random_minimax.png, id=66, 281.05pt x 63.23625pt>
File: random_minimax.png Graphic file (type png)
 <use random_minimax.png>
Package pdftex.def Info: random_minimax.png used on input line 186.
(pdftex.def)             Requested size: 168.63129pt x 37.94203pt.

<minimax_minimax.png, id=67, 261.97874pt x 57.21375pt>
File: minimax_minimax.png Graphic file (type png)

<use minimax_minimax.png>
Package pdftex.def Info: minimax_minimax.png used on input line 192.
(pdftex.def)             Requested size: 157.18845pt x 34.32849pt.
 [12 <./random_minimax.png>] [13 <./minimax_minimax.png>] [14

]
Rozdzia\l  2.

Underfull \hbox (badness 10000) in paragraph at lines 199--200

 []

<agent_env.png, id=79, 551.05875pt x 190.7125pt>
File: agent_env.png Graphic file (type png)
 <use agent_env.png>
Package pdftex.def Info: agent_env.png used on input line 202.
(pdftex.def)             Requested size: 330.63779pt x 114.42838pt.
 [15 <./agent_env.png>]
Underfull \hbox (badness 10000) in paragraph at lines 216--217

 []

[16]
Underfull \hbox (badness 10000) in paragraph at lines 244--246

 []


Underfull \hbox (badness 10000) in paragraph at lines 247--248

 []

[17]
Underfull \hbox (badness 10000) in paragraph at lines 261--263

 []


Underfull \hbox (badness 10000) in paragraph at lines 271--272

 []

[18] <QTable_ex.png, id=104, 305.14pt x 104.39pt>
File: QTable_ex.png Graphic file (type png)
 <use QTable_ex.png>
Package pdftex.def Info: QTable_ex.png used on input line 285.
(pdftex.def)             Requested size: 244.11232pt x 83.51208pt.
 [19 <./QTable_ex.png>] <ttt_1.png, id=109, 909.3975pt x 614.295pt>
File: ttt_1.png Graphic file (type png)
 <use ttt_1.png>
Package pdftex.def Info: ttt_1.png used on input line 293.
(pdftex.def)             Requested size: 181.87628pt x 122.85681pt.

<ttt_2.png, id=110, 905.3825pt x 657.45625pt>
File: ttt_2.png Graphic file (type png)
 <use ttt_2.png>
Package pdftex.def Info: ttt_2.png used on input line 300.
(pdftex.def)             Requested size: 181.07329pt x 131.48892pt.

Underfull \hbox (badness 10000) in paragraph at lines 302--303

 []

<ttt_3.png, id=111, 930.47626pt x 644.4075pt>
File: ttt_3.png Graphic file (type png)
 <use ttt_3.png>
Package pdftex.def Info: ttt_3.png used on input line 306.
(pdftex.def)             Requested size: 186.09195pt x 128.87921pt.
 [20 <./ttt_1.png> <./ttt_2.png> <./ttt_3.png>] <ttt_4.png, id=118, 942.52126pt
 x 655.44875pt>
File: ttt_4.png Graphic file (type png)

<use ttt_4.png>
Package pdftex.def Info: ttt_4.png used on input line 311.
(pdftex.def)             Requested size: 188.50092pt x 131.08742pt.
 <ttt_5.png, id=119, 915.42pt x 631.35875pt>
File: ttt_5.png Graphic file (type png)
 <use ttt_5.png>
Package pdftex.def Info: ttt_5.png used on input line 315.
(pdftex.def)             Requested size: 183.08075pt x 126.2695pt.

[21 <./ttt_4.png> <./ttt_5.png>]
Underfull \hbox (badness 10000) in paragraph at lines 340--341

 []

<Qtable_vs_Rnd_untrained.png, id=125, 259.97125pt x 48.18pt>
File: Qtable_vs_Rnd_untrained.png Graphic file (type png)

<use Qtable_vs_Rnd_untrained.png>
Package pdftex.def Info: Qtable_vs_Rnd_untrained.png used on input line 344.
(pdftex.def)             Requested size: 181.97862pt x 33.72574pt.

Underfull \hbox (badness 10000) in paragraph at lines 346--347

 []

<QTable_vs_Minimax_untrained.png, id=126, 255.95625pt x 48.18pt>
File: QTable_vs_Minimax_untrained.png Graphic file (type png)

<use QTable_vs_Minimax_untrained.png>
Package pdftex.def Info: QTable_vs_Minimax_untrained.png used on input line 350
.
(pdftex.def)             Requested size: 179.16814pt x 33.72574pt.

<Qtable_vs_Rnd_trained.png, id=127, 265.99374pt x 44.165pt>
File: Qtable_vs_Rnd_trained.png Graphic file (type png)

<use Qtable_vs_Rnd_trained.png>
Package pdftex.def Info: Qtable_vs_Rnd_trained.png used on input line 355.
(pdftex.def)             Requested size: 186.19434pt x 30.91527pt.

Underfull \hbox (badness 10000) in paragraph at lines 357--358

 []

<QTable_vs_Minimax_trained.png, id=128, 268.00125pt x 48.18pt>
File: QTable_vs_Minimax_trained.png Graphic file (type png)

<use QTable_vs_Minimax_trained.png>
Package pdftex.def Info: QTable_vs_Minimax_trained.png used on input line 360.
(pdftex.def)             Requested size: 187.59958pt x 33.72574pt.

<QTable_vs_Minimax_trained_d.png, id=129, 258.9675pt x 45.16875pt>
File: QTable_vs_Minimax_trained_d.png Graphic file (type png)

<use QTable_vs_Minimax_trained_d.png>
Package pdftex.def Info: QTable_vs_Minimax_trained_d.png used on input line 365
.
(pdftex.def)             Requested size: 181.27599pt x 31.61789pt.

<QTable_vs_Rnd_trained_d.png, id=130, 261.97874pt x 46.1725pt>
File: QTable_vs_Rnd_trained_d.png Graphic file (type png)

<use QTable_vs_Rnd_trained_d.png>
Package pdftex.def Info: QTable_vs_Rnd_trained_d.png used on input line 369.
(pdftex.def)             Requested size: 183.38387pt x 32.32051pt.
 [22 <./Qtable_vs_Rnd_untrained.png> <./QTable_vs_Minimax_untrained.png> <./Qta
ble_vs_Rnd_trained.png> <./QTable_vs_Minimax_trained.png> <./QTable_vs_Minimax_
trained_d.png>]
Underfull \hbox (badness 10000) in paragraph at lines 371--372

 []

[23 <./QTable_vs_Rnd_trained_d.png>] [24

]
Rozdzia\l  3.

Underfull \hbox (badness 10000) in paragraph at lines 379--380

 []

<neuron.png, id=147, 872.25874pt x 342.27875pt>
File: neuron.png Graphic file (type png)
 <use neuron.png>
Package pdftex.def Info: neuron.png used on input line 385.
(pdftex.def)             Requested size: 174.44865pt x 68.45453pt.

<sigmoid.png, id=148, 462.528pt x 346.896pt>
File: sigmoid.png Graphic file (type png)
 <use sigmoid.png>
Package pdftex.def Info: sigmoid.png used on input line 393.
(pdftex.def)             Requested size: 231.26343pt x 173.44757pt.

Underfull \vbox (badness 1931) has occurred while \output is active []

 [25 <./neuron.png>] <nn_example.png, id=153, 455.7025pt x 280.04625pt>
File: nn_example.png Graphic file (type png)

<use nn_example.png>
Package pdftex.def Info: nn_example.png used on input line 400.
(pdftex.def)             Requested size: 318.98956pt x 196.03102pt.

Underfull \hbox (badness 10000) in paragraph at lines 403--404

 []

[26 <./sigmoid.png> <./nn_example.png>]
Underfull \hbox (badness 10000) in paragraph at lines 435--437

 []

[27] [28] <nn_1pod.png, id=167, 260.975pt x 585.18625pt>
File: nn_1pod.png Graphic file (type png)
 <use nn_1pod.png>
Package pdftex.def Info: nn_1pod.png used on input line 462.
(pdftex.def)             Requested size: 130.48718pt x 292.5924pt.

<tanh.png, id=168, 462.528pt x 346.896pt>
File: tanh.png Graphic file (type png)
 <use tanh.png>
Package pdftex.def Info: tanh.png used on input line 478.
(pdftex.def)             Requested size: 231.26343pt x 173.44757pt.
 [29 <./nn_1pod.png>]
<nn_I_tanh.png, id=174, 259.97125pt x 45.16875pt>
File: nn_I_tanh.png Graphic file (type png)
 <use nn_I_tanh.png>
Package pdftex.def Info: nn_I_tanh.png used on input line 488.
(pdftex.def)             Requested size: 181.97862pt x 31.61789pt.

<nn_I_softplus.png, id=175, 250.9375pt x 47.17625pt>
File: nn_I_softplus.png Graphic file (type png)
 <use nn_I_softplus.png>
Package pdftex.def Info: nn_I_softplus.png used on input line 503.
(pdftex.def)             Requested size: 175.65504pt x 33.02313pt.

Underfull \hbox (badness 10000) in paragraph at lines 511--512

 []

[30 <./tanh.png> <./nn_I_tanh.png> <./nn_I_softplus.png>]
Underfull \hbox (badness 10000) in paragraph at lines 522--523

 []

<ttt_6.png, id=182, 915.42pt x 631.35875pt>
File: ttt_6.png Graphic file (type png)
 <use ttt_6.png>
Package pdftex.def Info: ttt_6.png used on input line 529.
(pdftex.def)             Requested size: 183.08075pt x 126.2695pt.

Underfull \vbox (badness 5954) has occurred while \output is active []

 [31]
Underfull \hbox (badness 10000) in paragraph at lines 531--532

 []

<ttt_7.png, id=186, 915.42pt x 631.35875pt>
File: ttt_7.png Graphic file (type png)
 <use ttt_7.png>
Package pdftex.def Info: ttt_7.png used on input line 536.
(pdftex.def)             Requested size: 183.08075pt x 126.2695pt.

Underfull \hbox (badness 10000) in paragraph at lines 538--539

 []

File: ttt_7.png Graphic file (type png)
<use ttt_7.png>
Package pdftex.def Info: ttt_7.png used on input line 543.
(pdftex.def)             Requested size: 183.08075pt x 126.2695pt.

Overfull \hbox (0.58975pt too wide) in paragraph at lines 545--546
$[]\OT1/cmr/m/n/10.95 [0\OML/cmm/m/it/10.95 ; \OT1/cmr/m/n/10.95 2\OML/cmm/m/it
/10.95 ; \OT1/cmr/m/n/10.95 0\OML/cmm/m/it/10.95 ; \OT1/cmr/m/n/10.95 1\OML/cmm
/m/it/10.95 ; \OT1/cmr/m/n/10.95 2\OML/cmm/m/it/10.95 ; \OT1/cmr/m/n/10.95 0\OM
L/cmm/m/it/10.95 ; \OT1/cmr/m/n/10.95 0\OML/cmm/m/it/10.95 ; \OT1/cmr/m/n/10.95
 2\OML/cmm/m/it/10.95 ; \OT1/cmr/m/n/10.95 1\OML/cmm/m/it/10.95 ; \OT1/cmr/m/n/
10.95 0\OML/cmm/m/it/10.95 :\OT1/cmr/m/n/10.95 843\OML/cmm/m/it/10.95 ; \OT1/cm
r/m/n/10.95 0\OML/cmm/m/it/10.95 :\OT1/cmr/m/n/10.95 8]$ 
 []


Underfull \hbox (badness 10000) in paragraph at lines 545--546

 []

[32 <./ttt_6.png> <./ttt_7.png>] <nn2_1.png, id=192, 244.915pt x 54.2025pt>
File: nn2_1.png Graphic file (type png)

<use nn2_1.png>
Package pdftex.def Info: nn2_1.png used on input line 562.
(pdftex.def)             Requested size: 171.43932pt x 37.94148pt.
 <nn2_2.png, id=193, 268.00125pt x 45.16875pt>
File: nn2_2.png Graphic file (type png)
 <use nn2_2.png>
Package pdftex.def Info: nn2_2.png used on input line 568.
(pdftex.def)             Requested size: 187.59958pt x 31.61789pt.

<nn2_3.png, id=194, 251.94125pt x 47.17625pt>
File: nn2_3.png Graphic file (type png)
 <use nn2_3.png>
Package pdftex.def Info: nn2_3.png used on input line 574.
(pdftex.def)             Requested size: 176.35767pt x 33.02313pt.

<nn2_4.png, id=195, 258.9675pt x 48.18pt>
File: nn2_4.png Graphic file (type png)
 <use nn2_4.png>
Package pdftex.def Info: nn2_4.png used on input line 580.
(pdftex.def)             Requested size: 181.27599pt x 33.72574pt.
 [33 <./nn2_1.png> <./nn2_2.png> <./nn2_3.png>] [34 <./nn2_4.png>]
Rozdzia\l  4.

Underfull \hbox (badness 10000) in paragraph at lines 591--592

 []


Underfull \hbox (badness 10000) in paragraph at lines 593--594

 []


Underfull \hbox (badness 10000) in paragraph at lines 595--596

 []


Underfull \hbox (badness 10000) in paragraph at lines 597--598

 []

[35

] [36]
Dodatek A.
LaTeX Font Info:    Try loading font information for OMS+cmr on input line 606.

(/usr/local/texlive/2017/texmf-dist/tex/latex/base/omscmr.fd
File: omscmr.fd 2014/09/29 v2.5h Standard LaTeX font definitions
)
LaTeX Font Info:    Font shape `OMS/cmr/m/n' in size <10.95> not available
(Font)              Font shape `OMS/cmsy/m/n' tried instead on input line 606.
 [37

]
Underfull \hbox (badness 10000) in paragraph at lines 625--626

 []

[38]
Dodatek B.

Underfull \hbox (badness 10000) in paragraph at lines 638--641

 []

<plansza.png, id=219, 597.23125pt x 625.33624pt>
File: plansza.png Graphic file (type png)
 <use plansza.png>
Package pdftex.def Info: plansza.png used on input line 648.
(pdftex.def)             Requested size: 298.61488pt x 312.66736pt.
 [39

 <./plansza.png>] <uruchamianie.png, id=224, 542.025pt x 141.52875pt>
File: uruchamianie.png Graphic file (type png)

<use uruchamianie.png>
Package pdftex.def Info: uruchamianie.png used on input line 669.
(pdftex.def)             Requested size: 271.01183pt x 70.76419pt.
 [40 <./uruchamianie.png>]
Underfull \hbox (badness 2409) in paragraph at lines 685--686
[]\T1/cmr/m/n/10.95 Prof. Pa-trick Henry Win-ston, \T1/cmr/m/it/10.95 MIT co-ur
se num-ber 6.043, Ar-ti-fi-cal In-te-li-gence\T1/cmr/m/n/10.95 ,
 []


Underfull \hbox (badness 10000) in paragraph at lines 685--686
\T1/cmr/m/n/10.95 https://ocw.mit.edu/courses/electrical-engineering-and-comput
er-science/6-034-
 []

./praca.tex:687: Undefined control sequence.
l.687 	\bibitem{Game} Matthew O. Jackson , \texit
                                                 {A Brief Introduction to th...

? 

Underfull \hbox (badness 2229) in paragraph at lines 687--688
[]\T1/cmr/m/n/10.95 Matthew O. Jack-son , A Brief In-tro-duc-tion to the Ba-sic
s of Game The-ory,
 []


Underfull \hbox (badness 10000) in paragraph at lines 687--688
\T1/cmr/m/n/10.95 https://www.ethz.ch/content/dam/ethz/special-interest/gess/ch
air-of-
 []


Underfull \hbox (badness 10000) in paragraph at lines 687--688
\T1/cmr/m/n/10.95 sociology-dam/documents/education/spieltheorie/literatur/Einf
ührung/Jackson
 []


Overfull \hbox (9.36806pt too wide) in paragraph at lines 689--690
\T1/cmr/m/n/10.95 m15.ma.tum.de/foswiki/pub/M15/Allgemeines/PublicationsEN/Mast
erThesisHeining.pdf 
 []

[41

] (./praca.aux) ) 
Here is how much of TeX's memory you used:
 6485 strings out of 492995
 93067 string characters out of 6132705
 170051 words of memory out of 5000000
 9893 multiletter control sequences out of 15000+600000
 25619 words of font info for 68 fonts, out of 8000000 for 9000
 1141 hyphenation exceptions out of 8191
 39i,9n,38p,2399b,334s stack positions out of 5000i,500n,10000p,200000b,80000s
{/usr/local/texlive/2017/texmf-dist/fonts/enc/dvips/cm-super/c
m-super-t1.enc}</usr/local/texlive/2017/texmf-dist/fonts/type1/public/amsfonts/
cm/cmbx10.pfb></usr/local/texlive/2017/texmf-dist/fonts/type1/public/amsfonts/c
m/cmbx8.pfb></usr/local/texlive/2017/texmf-dist/fonts/type1/public/amsfonts/cm/
cmex10.pfb></usr/local/texlive/2017/texmf-dist/fonts/type1/public/amsfonts/cm/c
mmi10.pfb></usr/local/texlive/2017/texmf-dist/fonts/type1/public/amsfonts/cm/cm
mi12.pfb></usr/local/texlive/2017/texmf-dist/fonts/type1/public/amsfonts/cm/cmm
i6.pfb></usr/local/texlive/2017/texmf-dist/fonts/type1/public/amsfonts/cm/cmmi8
.pfb></usr/local/texlive/2017/texmf-dist/fonts/type1/public/amsfonts/cm/cmr10.p
fb></usr/local/texlive/2017/texmf-dist/fonts/type1/public/amsfonts/cm/cmr6.pfb>
</usr/local/texlive/2017/texmf-dist/fonts/type1/public/amsfonts/cm/cmr8.pfb></u
sr/local/texlive/2017/texmf-dist/fonts/type1/public/amsfonts/cm/cmsy10.pfb></us
r/local/texlive/2017/texmf-dist/fonts/type1/public/amsfonts/cm/cmsy6.pfb></usr/
local/texlive/2017/texmf-dist/fonts/type1/public/amsfonts/cm/cmsy8.pfb></usr/lo
cal/texlive/2017/texmf-dist/fonts/type1/public/amsfonts/symbols/msbm10.pfb></us
r/local/texlive/2017/texmf-dist/fonts/type1/public/cm-super/sfbx1095.pfb></usr/
local/texlive/2017/texmf-dist/fonts/type1/public/cm-super/sfbx1200.pfb></usr/lo
cal/texlive/2017/texmf-dist/fonts/type1/public/cm-super/sfbx1440.pfb></usr/loca
l/texlive/2017/texmf-dist/fonts/type1/public/cm-super/sfbx1728.pfb></usr/local/
texlive/2017/texmf-dist/fonts/type1/public/cm-super/sfbx2074.pfb></usr/local/te
xlive/2017/texmf-dist/fonts/type1/public/cm-super/sfbx2488.pfb></usr/local/texl
ive/2017/texmf-dist/fonts/type1/public/cm-super/sfrm0800.pfb></usr/local/texliv
e/2017/texmf-dist/fonts/type1/public/cm-super/sfrm1095.pfb></usr/local/texlive/
2017/texmf-dist/fonts/type1/public/cm-super/sfrm1200.pfb></usr/local/texlive/20
17/texmf-dist/fonts/type1/public/cm-super/sfrm1728.pfb></usr/local/texlive/2017
/texmf-dist/fonts/type1/public/cm-super/sfti1095.pfb>
Output written on praca.pdf (43 pages, 1092459 bytes).
PDF statistics:
 315 PDF objects out of 1000 (max. 8388607)
 175 compressed objects within 2 object streams
 0 named destinations out of 1000 (max. 500000)
 171 words of extra memory for PDF output out of 10000 (max. 10000000)

